{"error":"Could not connect to any servers in your MongoDB Atlas cluster. One common reason is that you're trying to access the database from an IP that isn't whitelisted. Make sure your current IP address is on your Atlas cluster's IP whitelist: https://www.mongodb.com/docs/atlas/security-whitelist/","level":"\u001b[31merror\u001b[39m","message":"\u001b[31mDatabase connection failed:\u001b[39m","stack":"MongooseServerSelectionError: Could not connect to any servers in your MongoDB Atlas cluster. One common reason is that you're trying to access the database from an IP that isn't whitelisted. Make sure your current IP address is on your Atlas cluster's IP whitelist: https://www.mongodb.com/docs/atlas/security-whitelist/\n    at _handleConnectionErrors (E:\\course manage\\node_modules\\mongoose\\lib\\connection.js:816:11)\n    at NativeConnection.openUri (E:\\course manage\\node_modules\\mongoose\\lib\\connection.js:791:11)\n    at process.processTicksAndRejections (node:internal/process/task_queues:105:5)\n    at async connectDB (E:\\course manage\\src\\server.js:18:18)\n    at async startServer (E:\\course manage\\src\\server.js:30:5)","timestamp":"2025-12-05 13:41:34:4134"}
{"error":"Could not connect to any servers in your MongoDB Atlas cluster. One common reason is that you're trying to access the database from an IP that isn't whitelisted. Make sure your current IP address is on your Atlas cluster's IP whitelist: https://www.mongodb.com/docs/atlas/security-whitelist/","level":"\u001b[31merror\u001b[39m","message":"\u001b[31mDatabase connection failed:\u001b[39m","stack":"MongooseServerSelectionError: Could not connect to any servers in your MongoDB Atlas cluster. One common reason is that you're trying to access the database from an IP that isn't whitelisted. Make sure your current IP address is on your Atlas cluster's IP whitelist: https://www.mongodb.com/docs/atlas/security-whitelist/\n    at _handleConnectionErrors (E:\\course manage\\node_modules\\mongoose\\lib\\connection.js:816:11)\n    at NativeConnection.openUri (E:\\course manage\\node_modules\\mongoose\\lib\\connection.js:791:11)\n    at process.processTicksAndRejections (node:internal/process/task_queues:105:5)\n    at async connectDB (E:\\course manage\\src\\server.js:18:18)\n    at async startServer (E:\\course manage\\src\\server.js:30:5)","timestamp":"2025-12-05 13:41:44:4144"}
{"error":"Could not connect to any servers in your MongoDB Atlas cluster. One common reason is that you're trying to access the database from an IP that isn't whitelisted. Make sure your current IP address is on your Atlas cluster's IP whitelist: https://www.mongodb.com/docs/atlas/security-whitelist/","level":"\u001b[31merror\u001b[39m","message":"\u001b[31mDatabase connection failed:\u001b[39m","stack":"MongooseServerSelectionError: Could not connect to any servers in your MongoDB Atlas cluster. One common reason is that you're trying to access the database from an IP that isn't whitelisted. Make sure your current IP address is on your Atlas cluster's IP whitelist: https://www.mongodb.com/docs/atlas/security-whitelist/\n    at _handleConnectionErrors (E:\\course manage\\node_modules\\mongoose\\lib\\connection.js:816:11)\n    at NativeConnection.openUri (E:\\course manage\\node_modules\\mongoose\\lib\\connection.js:791:11)\n    at process.processTicksAndRejections (node:internal/process/task_queues:105:5)\n    at async connectDB (E:\\course manage\\src\\server.js:18:18)\n    at async startServer (E:\\course manage\\src\\server.js:30:5)","timestamp":"2025-12-05 13:42:18:4218"}
{"level":"\u001b[32minfo\u001b[39m","message":"\u001b[32mMongoDB Connected: localhost\u001b[39m","timestamp":"2025-12-05 13:42:57:4257"}
{"level":"\u001b[32minfo\u001b[39m","message":"\u001b[32mServer running on port 5000 in development mode\u001b[39m","timestamp":"2025-12-05 13:42:57:4257"}
{"level":"\u001b[32minfo\u001b[39m","message":"\u001b[32mMongoDB Connected: localhost\u001b[39m","timestamp":"2025-12-05 13:43:26:4326"}
{"level":"\u001b[32minfo\u001b[39m","message":"\u001b[32mMongoDB Connected: localhost\u001b[39m","timestamp":"2025-12-05 13:44:24:4424"}
{"level":"\u001b[32minfo\u001b[39m","message":"\u001b[32mServer running on port 3001 in development mode\u001b[39m","timestamp":"2025-12-05 13:44:24:4424"}
{"level":"\u001b[32minfo\u001b[39m","message":"\u001b[32mMongoDB Connected: localhost\u001b[39m","timestamp":"2025-12-05 14:01:27:127"}
{"level":"\u001b[32minfo\u001b[39m","message":"\u001b[32mMongoDB Connected: localhost\u001b[39m","timestamp":"2025-12-05 14:01:27:127"}
{"level":"\u001b[32minfo\u001b[39m","message":"\u001b[32mServer running on port 3001 in development mode\u001b[39m","timestamp":"2025-12-05 14:01:27:127"}
{"level":"\u001b[32minfo\u001b[39m","message":"\u001b[32mMongoDB Connected: localhost\u001b[39m","timestamp":"2025-12-05 14:01:27:127"}
{"level":"\u001b[32minfo\u001b[39m","message":"\u001b[32mMongoDB Connected: localhost\u001b[39m","timestamp":"2025-12-05 14:01:46:146"}
{"level":"\u001b[32minfo\u001b[39m","message":"\u001b[32mMongoDB Connected: localhost\u001b[39m","timestamp":"2025-12-05 14:02:22:222"}
{"level":"\u001b[32minfo\u001b[39m","message":"\u001b[32mServer running on port 3001 in development mode\u001b[39m","timestamp":"2025-12-05 14:02:22:222"}
{"level":"\u001b[32minfo\u001b[39m","message":"\u001b[32mMongoDB Connected: localhost\u001b[39m","timestamp":"2025-12-05 14:02:29:229"}
{"level":"\u001b[32minfo\u001b[39m","message":"\u001b[32mMongoDB Connected: localhost\u001b[39m","timestamp":"2025-12-05 14:03:30:330"}
{"level":"\u001b[32minfo\u001b[39m","message":"\u001b[32mServer running on port 4000 in development mode\u001b[39m","timestamp":"2025-12-05 14:03:30:330"}
{"level":"\u001b[32minfo\u001b[39m","message":"\u001b[32mMongoDB Connected: localhost\u001b[39m","timestamp":"2025-12-05 14:06:04:64"}
{"level":"\u001b[32minfo\u001b[39m","message":"\u001b[32mMongoDB Connected: localhost\u001b[39m","timestamp":"2025-12-05 14:06:04:64"}
{"level":"\u001b[32minfo\u001b[39m","message":"\u001b[32mServer running on port 4000 in development mode\u001b[39m","timestamp":"2025-12-05 14:06:04:64"}
{"level":"\u001b[32minfo\u001b[39m","message":"\u001b[32mMongoDB Connected: localhost\u001b[39m","timestamp":"2025-12-05 14:06:04:64"}
{"level":"\u001b[32minfo\u001b[39m","message":"\u001b[32mMongoDB Connected: localhost\u001b[39m","timestamp":"2025-12-05 14:06:04:64"}
{"error":"Could not connect to any servers in your MongoDB Atlas cluster. One common reason is that you're trying to access the database from an IP that isn't whitelisted. Make sure your current IP address is on your Atlas cluster's IP whitelist: https://www.mongodb.com/docs/atlas/security-whitelist/","level":"\u001b[31merror\u001b[39m","message":"\u001b[31mDatabase connection failed:\u001b[39m","stack":"MongooseServerSelectionError: Could not connect to any servers in your MongoDB Atlas cluster. One common reason is that you're trying to access the database from an IP that isn't whitelisted. Make sure your current IP address is on your Atlas cluster's IP whitelist: https://www.mongodb.com/docs/atlas/security-whitelist/\n    at _handleConnectionErrors (E:\\course manage\\node_modules\\mongoose\\lib\\connection.js:816:11)\n    at NativeConnection.openUri (E:\\course manage\\node_modules\\mongoose\\lib\\connection.js:791:11)\n    at process.processTicksAndRejections (node:internal/process/task_queues:105:5)\n    at async connectDB (E:\\course manage\\src\\server.js:18:18)\n    at async startServer (E:\\course manage\\src\\server.js:30:5)","timestamp":"2025-12-05 14:25:03:253"}
{"error":"Could not connect to any servers in your MongoDB Atlas cluster. One common reason is that you're trying to access the database from an IP that isn't whitelisted. Make sure your current IP address is on your Atlas cluster's IP whitelist: https://www.mongodb.com/docs/atlas/security-whitelist/","level":"\u001b[31merror\u001b[39m","message":"\u001b[31mDatabase connection failed:\u001b[39m","stack":"MongooseServerSelectionError: Could not connect to any servers in your MongoDB Atlas cluster. One common reason is that you're trying to access the database from an IP that isn't whitelisted. Make sure your current IP address is on your Atlas cluster's IP whitelist: https://www.mongodb.com/docs/atlas/security-whitelist/\n    at _handleConnectionErrors (E:\\course manage\\node_modules\\mongoose\\lib\\connection.js:816:11)\n    at NativeConnection.openUri (E:\\course manage\\node_modules\\mongoose\\lib\\connection.js:791:11)\n    at process.processTicksAndRejections (node:internal/process/task_queues:105:5)\n    at async connectDB (E:\\course manage\\src\\server.js:18:18)\n    at async startServer (E:\\course manage\\src\\server.js:30:5)","timestamp":"2025-12-05 14:32:40:3240"}
{"error":"Could not connect to any servers in your MongoDB Atlas cluster. One common reason is that you're trying to access the database from an IP that isn't whitelisted. Make sure your current IP address is on your Atlas cluster's IP whitelist: https://www.mongodb.com/docs/atlas/security-whitelist/","level":"\u001b[31merror\u001b[39m","message":"\u001b[31mDatabase connection failed:\u001b[39m","stack":"MongooseServerSelectionError: Could not connect to any servers in your MongoDB Atlas cluster. One common reason is that you're trying to access the database from an IP that isn't whitelisted. Make sure your current IP address is on your Atlas cluster's IP whitelist: https://www.mongodb.com/docs/atlas/security-whitelist/\n    at _handleConnectionErrors (E:\\course manage\\node_modules\\mongoose\\lib\\connection.js:816:11)\n    at NativeConnection.openUri (E:\\course manage\\node_modules\\mongoose\\lib\\connection.js:791:11)\n    at process.processTicksAndRejections (node:internal/process/task_queues:105:5)\n    at async connectDB (E:\\course manage\\src\\server.js:18:18)\n    at async startServer (E:\\course manage\\src\\server.js:30:5)","timestamp":"2025-12-05 14:33:21:3321"}
{"error":"Could not connect to any servers in your MongoDB Atlas cluster. One common reason is that you're trying to access the database from an IP that isn't whitelisted. Make sure your current IP address is on your Atlas cluster's IP whitelist: https://www.mongodb.com/docs/atlas/security-whitelist/","level":"\u001b[31merror\u001b[39m","message":"\u001b[31mDatabase connection failed:\u001b[39m","stack":"MongooseServerSelectionError: Could not connect to any servers in your MongoDB Atlas cluster. One common reason is that you're trying to access the database from an IP that isn't whitelisted. Make sure your current IP address is on your Atlas cluster's IP whitelist: https://www.mongodb.com/docs/atlas/security-whitelist/\n    at _handleConnectionErrors (E:\\course manage\\node_modules\\mongoose\\lib\\connection.js:816:11)\n    at NativeConnection.openUri (E:\\course manage\\node_modules\\mongoose\\lib\\connection.js:791:11)\n    at process.processTicksAndRejections (node:internal/process/task_queues:105:5)\n    at async connectDB (E:\\course manage\\src\\server.js:18:18)\n    at async startServer (E:\\course manage\\src\\server.js:30:5)","timestamp":"2025-12-05 14:46:36:4636"}
{"error":"Could not connect to any servers in your MongoDB Atlas cluster. One common reason is that you're trying to access the database from an IP that isn't whitelisted. Make sure your current IP address is on your Atlas cluster's IP whitelist: https://www.mongodb.com/docs/atlas/security-whitelist/","level":"\u001b[31merror\u001b[39m","message":"\u001b[31mDatabase connection failed:\u001b[39m","stack":"MongooseServerSelectionError: Could not connect to any servers in your MongoDB Atlas cluster. One common reason is that you're trying to access the database from an IP that isn't whitelisted. Make sure your current IP address is on your Atlas cluster's IP whitelist: https://www.mongodb.com/docs/atlas/security-whitelist/\n    at _handleConnectionErrors (E:\\course manage\\node_modules\\mongoose\\lib\\connection.js:816:11)\n    at NativeConnection.openUri (E:\\course manage\\node_modules\\mongoose\\lib\\connection.js:791:11)\n    at process.processTicksAndRejections (node:internal/process/task_queues:105:5)\n    at async connectDB (E:\\course manage\\src\\server.js:18:18)\n    at async startServer (E:\\course manage\\src\\server.js:30:5)","timestamp":"2025-12-05 14:55:23:5523"}
{"error":"Could not connect to any servers in your MongoDB Atlas cluster. One common reason is that you're trying to access the database from an IP that isn't whitelisted. Make sure your current IP address is on your Atlas cluster's IP whitelist: https://www.mongodb.com/docs/atlas/security-whitelist/","level":"\u001b[31merror\u001b[39m","message":"\u001b[31mDatabase connection failed:\u001b[39m","stack":"MongooseServerSelectionError: Could not connect to any servers in your MongoDB Atlas cluster. One common reason is that you're trying to access the database from an IP that isn't whitelisted. Make sure your current IP address is on your Atlas cluster's IP whitelist: https://www.mongodb.com/docs/atlas/security-whitelist/\n    at _handleConnectionErrors (E:\\course manage\\node_modules\\mongoose\\lib\\connection.js:816:11)\n    at NativeConnection.openUri (E:\\course manage\\node_modules\\mongoose\\lib\\connection.js:791:11)\n    at process.processTicksAndRejections (node:internal/process/task_queues:105:5)\n    at async connectDB (E:\\course manage\\src\\server.js:18:18)\n    at async startServer (E:\\course manage\\src\\server.js:30:5)","timestamp":"2025-12-05 14:59:37:5937"}
{"error":"Could not connect to any servers in your MongoDB Atlas cluster. One common reason is that you're trying to access the database from an IP that isn't whitelisted. Make sure your current IP address is on your Atlas cluster's IP whitelist: https://www.mongodb.com/docs/atlas/security-whitelist/","level":"\u001b[31merror\u001b[39m","message":"\u001b[31mDatabase connection failed:\u001b[39m","stack":"MongooseServerSelectionError: Could not connect to any servers in your MongoDB Atlas cluster. One common reason is that you're trying to access the database from an IP that isn't whitelisted. Make sure your current IP address is on your Atlas cluster's IP whitelist: https://www.mongodb.com/docs/atlas/security-whitelist/\n    at _handleConnectionErrors (E:\\course manage\\node_modules\\mongoose\\lib\\connection.js:816:11)\n    at NativeConnection.openUri (E:\\course manage\\node_modules\\mongoose\\lib\\connection.js:791:11)\n    at process.processTicksAndRejections (node:internal/process/task_queues:105:5)\n    at async connectDB (E:\\course manage\\src\\server.js:18:18)\n    at async startServer (E:\\course manage\\src\\server.js:30:5)","timestamp":"2025-12-05 15:01:19:119"}
{"level":"\u001b[32minfo\u001b[39m","message":"\u001b[32mMongoDB Connected: localhost\u001b[39m","timestamp":"2025-12-05 15:01:49:149"}
{"level":"\u001b[32minfo\u001b[39m","message":"\u001b[32mServer running on port 4000 in development mode\u001b[39m","timestamp":"2025-12-05 15:01:49:149"}
{"level":"\u001b[32minfo\u001b[39m","message":"\u001b[32mMongoDB Connected: localhost\u001b[39m","timestamp":"2025-12-05 15:05:35:535"}
{"level":"\u001b[32minfo\u001b[39m","message":"\u001b[32mMongoDB Connected: localhost\u001b[39m","timestamp":"2025-12-05 15:05:35:535"}
{"level":"\u001b[32minfo\u001b[39m","message":"\u001b[32mMongoDB Connected: localhost\u001b[39m","timestamp":"2025-12-05 15:05:35:535"}
{"level":"\u001b[32minfo\u001b[39m","message":"\u001b[32mMongoDB Connected: localhost\u001b[39m","timestamp":"2025-12-05 15:05:35:535"}
{"level":"\u001b[32minfo\u001b[39m","message":"\u001b[32mMongoDB Connected: localhost\u001b[39m","timestamp":"2025-12-05 15:07:37:737"}
{"level":"\u001b[32minfo\u001b[39m","message":"\u001b[32mServer running on port 5001 in development mode\u001b[39m","timestamp":"2025-12-05 15:07:37:737"}
{"level":"\u001b[32minfo\u001b[39m","message":"\u001b[32mMongoDB Connected: localhost\u001b[39m","timestamp":"2025-12-05 15:10:00:100"}
{"level":"\u001b[32minfo\u001b[39m","message":"\u001b[32mServer running on port 5001 in development mode\u001b[39m","timestamp":"2025-12-05 15:10:00:100"}
{"level":"\u001b[32minfo\u001b[39m","message":"\u001b[32mMongoDB Connected: localhost\u001b[39m","timestamp":"2025-12-05 15:10:30:1030"}
{"level":"\u001b[32minfo\u001b[39m","message":"\u001b[32mServer running on port 5001 in development mode\u001b[39m","timestamp":"2025-12-05 15:10:30:1030"}
{"level":"\u001b[32minfo\u001b[39m","message":"\u001b[32mMongoDB Connected: localhost\u001b[39m","timestamp":"2025-12-05 15:17:02:172"}
{"level":"\u001b[32minfo\u001b[39m","message":"\u001b[32mServer running on port 5001 in development mode\u001b[39m","timestamp":"2025-12-05 15:17:02:172"}
{"level":"\u001b[32minfo\u001b[39m","message":"\u001b[32mMongoDB Connected: localhost\u001b[39m","timestamp":"2025-12-05 15:17:28:1728"}
{"level":"\u001b[32minfo\u001b[39m","message":"\u001b[32mServer running on port 5001 in development mode\u001b[39m","timestamp":"2025-12-05 15:17:29:1729"}
{"level":"\u001b[32minfo\u001b[39m","message":"\u001b[32mMongoDB Connected: localhost\u001b[39m","timestamp":"2025-12-05 15:17:55:1755"}
{"level":"\u001b[32minfo\u001b[39m","message":"\u001b[32mServer running on port 5001 in development mode\u001b[39m","timestamp":"2025-12-05 15:17:55:1755"}
{"level":"\u001b[32minfo\u001b[39m","message":"\u001b[32mMongoDB Connected: localhost\u001b[39m","timestamp":"2025-12-05 15:18:00:180"}
{"level":"\u001b[32minfo\u001b[39m","message":"\u001b[32mServer running on port 5001 in development mode\u001b[39m","timestamp":"2025-12-05 15:18:00:180"}
{"level":"\u001b[32minfo\u001b[39m","message":"\u001b[32mMongoDB Connected: localhost\u001b[39m","timestamp":"2025-12-05 15:18:22:1822"}
{"level":"\u001b[32minfo\u001b[39m","message":"\u001b[32mServer running on port 5001 in development mode\u001b[39m","timestamp":"2025-12-05 15:18:22:1822"}
{"level":"\u001b[32minfo\u001b[39m","message":"\u001b[32mMongoDB Connected: localhost\u001b[39m","timestamp":"2025-12-05 15:19:46:1946"}
{"level":"\u001b[32minfo\u001b[39m","message":"\u001b[32mServer running on port 5001 in development mode\u001b[39m","timestamp":"2025-12-05 15:19:46:1946"}
{"level":"\u001b[32minfo\u001b[39m","message":"\u001b[32mMongoDB Connected: localhost\u001b[39m","timestamp":"2025-12-05 15:22:05:225"}
{"level":"\u001b[32minfo\u001b[39m","message":"\u001b[32mServer running on port 5001 in development mode\u001b[39m","timestamp":"2025-12-05 15:22:05:225"}
{"level":"\u001b[32minfo\u001b[39m","message":"\u001b[32mMongoDB Connected: localhost\u001b[39m","timestamp":"2025-12-05 15:32:08:328"}
{"level":"\u001b[32minfo\u001b[39m","message":"\u001b[32mServer running on port 5001 in development mode\u001b[39m","timestamp":"2025-12-05 15:32:08:328"}
{"level":"\u001b[32minfo\u001b[39m","message":"\u001b[32mMongoDB Connected: localhost\u001b[39m","timestamp":"2025-12-05 15:35:19:3519"}
{"level":"\u001b[32minfo\u001b[39m","message":"\u001b[32mServer running on port 5001 in development mode\u001b[39m","timestamp":"2025-12-05 15:35:19:3519"}
{"level":"\u001b[32minfo\u001b[39m","message":"\u001b[32mMongoDB Connected: localhost\u001b[39m","timestamp":"2025-12-06 09:00:38:038"}
{"level":"\u001b[32minfo\u001b[39m","message":"\u001b[32mServer running on port 5001 in development mode\u001b[39m","timestamp":"2025-12-06 09:00:38:038"}
{"level":"\u001b[32minfo\u001b[39m","message":"\u001b[32mMongoDB Connected: localhost\u001b[39m","timestamp":"2025-12-06 09:19:52:1952"}
{"level":"\u001b[32minfo\u001b[39m","message":"\u001b[32mServer running on port 5001 in development mode\u001b[39m","timestamp":"2025-12-06 09:19:52:1952"}
{"level":"\u001b[32minfo\u001b[39m","message":"\u001b[32mMongoDB Connected: localhost\u001b[39m","timestamp":"2025-12-06 10:48:00:480"}
{"level":"\u001b[32minfo\u001b[39m","message":"\u001b[32mMongoDB Connected: localhost\u001b[39m","timestamp":"2025-12-06 11:53:40:5340"}
{"level":"\u001b[32minfo\u001b[39m","message":"\u001b[32mServer running on port 5001 in development mode\u001b[39m","timestamp":"2025-12-06 11:53:40:5340"}
{"level":"\u001b[32minfo\u001b[39m","message":"\u001b[32mMongoDB Connected: localhost\u001b[39m","timestamp":"2025-12-06 22:07:13:713"}
{"level":"\u001b[32minfo\u001b[39m","message":"\u001b[32mServer running on port 5001 in development mode\u001b[39m","timestamp":"2025-12-06 22:07:13:713"}
{"error":"listen EADDRINUSE: address already in use :::5001","level":"\u001b[31merror\u001b[39m","message":"\u001b[31mUncaught Exception:\u001b[39m","stack":"Error: listen EADDRINUSE: address already in use :::5001\n    at Server.setupListenHandle [as _listen2] (node:net:1940:16)\n    at listenInCluster (node:net:1997:12)\n    at Server.listen (node:net:2102:7)\n    at Function.listen (e:\\course manage\\backend\\node_modules\\express\\lib\\application.js:635:24)\n    at startServer (e:\\course manage\\backend\\src\\server.js:34:24)\n    at process.processTicksAndRejections (node:internal/process/task_queues:105:5)","timestamp":"2025-12-06 22:59:09:599"}
{"level":"\u001b[32minfo\u001b[39m","message":"\u001b[32mMongoDB Connected: localhost\u001b[39m","timestamp":"2025-12-06 23:04:00:40"}
{"level":"\u001b[32minfo\u001b[39m","message":"\u001b[32mMongoDB Connected: localhost\u001b[39m","timestamp":"2025-12-06 23:04:47:447"}
{"level":"\u001b[32minfo\u001b[39m","message":"\u001b[32mServer running on port 5001 in development mode\u001b[39m","timestamp":"2025-12-06 23:04:47:447"}
{"level":"\u001b[32minfo\u001b[39m","message":"\u001b[32mMongoDB Connected: localhost\u001b[39m","timestamp":"2025-12-06 23:28:31:2831"}
{"level":"\u001b[32minfo\u001b[39m","message":"\u001b[32mServer running on port 5001 in development mode\u001b[39m","timestamp":"2025-12-06 23:28:31:2831"}
{"level":"\u001b[32minfo\u001b[39m","message":"\u001b[32mMongoDB Connected: localhost\u001b[39m","timestamp":"2025-12-06 23:30:18:3018"}
{"level":"\u001b[32minfo\u001b[39m","message":"\u001b[32mMongoDB Connected: localhost\u001b[39m","timestamp":"2025-12-06 23:30:18:3018"}
{"level":"\u001b[32minfo\u001b[39m","message":"\u001b[32mServer running on port 5001 in development mode\u001b[39m","timestamp":"2025-12-06 23:30:18:3018"}
{"level":"\u001b[32minfo\u001b[39m","message":"\u001b[32mMongoDB Connected: localhost\u001b[39m","timestamp":"2025-12-06 23:30:22:3022"}
{"level":"\u001b[32minfo\u001b[39m","message":"\u001b[32mServer running on port 5001 in development mode\u001b[39m","timestamp":"2025-12-06 23:30:22:3022"}
{"level":"\u001b[32minfo\u001b[39m","message":"\u001b[32mMongoDB Connected: localhost\u001b[39m","timestamp":"2025-12-06 23:30:22:3022"}
{"level":"\u001b[32minfo\u001b[39m","message":"\u001b[32mMongoDB Connected: localhost\u001b[39m","timestamp":"2025-12-06 23:32:42:3242"}
{"level":"\u001b[32minfo\u001b[39m","message":"\u001b[32mMongoDB Connected: localhost\u001b[39m","timestamp":"2025-12-06 23:32:42:3242"}
{"level":"\u001b[32minfo\u001b[39m","message":"\u001b[32mServer running on port 5001 in development mode\u001b[39m","timestamp":"2025-12-06 23:32:42:3242"}
{"level":"\u001b[32minfo\u001b[39m","message":"\u001b[32mMongoDB Connected: localhost\u001b[39m","timestamp":"2025-12-06 23:32:49:3249"}
{"level":"\u001b[32minfo\u001b[39m","message":"\u001b[32mMongoDB Connected: localhost\u001b[39m","timestamp":"2025-12-06 23:32:49:3249"}
{"level":"\u001b[32minfo\u001b[39m","message":"\u001b[32mServer running on port 5001 in development mode\u001b[39m","timestamp":"2025-12-06 23:32:49:3249"}
{"level":"\u001b[32minfo\u001b[39m","message":"\u001b[32mMongoDB Connected: localhost\u001b[39m","timestamp":"2025-12-06 23:32:51:3251"}
{"level":"\u001b[32minfo\u001b[39m","message":"\u001b[32mMongoDB Connected: localhost\u001b[39m","timestamp":"2025-12-06 23:32:51:3251"}
{"level":"\u001b[32minfo\u001b[39m","message":"\u001b[32mServer running on port 5001 in development mode\u001b[39m","timestamp":"2025-12-06 23:32:51:3251"}
{"level":"\u001b[32minfo\u001b[39m","message":"\u001b[32mMongoDB Connected: localhost\u001b[39m","timestamp":"2025-12-07 00:01:50:150"}
{"level":"\u001b[32minfo\u001b[39m","message":"\u001b[32mMongoDB Connected: localhost\u001b[39m","timestamp":"2025-12-07 00:01:50:150"}
{"level":"\u001b[32minfo\u001b[39m","message":"\u001b[32mServer running on port 5001 in development mode\u001b[39m","timestamp":"2025-12-07 00:01:50:150"}
{"level":"\u001b[32minfo\u001b[39m","message":"\u001b[32mMongoDB Connected: localhost\u001b[39m","timestamp":"2025-12-07 00:02:47:247"}
{"level":"\u001b[32minfo\u001b[39m","message":"\u001b[32mMongoDB Connected: localhost\u001b[39m","timestamp":"2025-12-07 00:03:12:312"}
{"level":"\u001b[32minfo\u001b[39m","message":"\u001b[32mServer running on port 5001 in development mode\u001b[39m","timestamp":"2025-12-07 00:03:12:312"}
{"level":"\u001b[32minfo\u001b[39m","message":"\u001b[32mMongoDB Connected: localhost\u001b[39m","timestamp":"2025-12-07 00:12:44:1244"}
{"level":"\u001b[32minfo\u001b[39m","message":"\u001b[32mMongoDB Connected: localhost\u001b[39m","timestamp":"2025-12-07 00:12:44:1244"}
{"level":"\u001b[32minfo\u001b[39m","message":"\u001b[32mMongoDB Connected: localhost\u001b[39m","timestamp":"2025-12-07 00:12:44:1244"}
{"level":"\u001b[32minfo\u001b[39m","message":"\u001b[32mServer running on port 5001 in development mode\u001b[39m","timestamp":"2025-12-07 00:12:44:1244"}
{"level":"\u001b[32minfo\u001b[39m","message":"\u001b[32mMongoDB Connected: localhost\u001b[39m","timestamp":"2025-12-07 00:13:24:1324"}
{"level":"\u001b[32minfo\u001b[39m","message":"\u001b[32mMongoDB Connected: localhost\u001b[39m","timestamp":"2025-12-07 00:14:09:149"}
{"level":"\u001b[32minfo\u001b[39m","message":"\u001b[32mServer running on port 5001 in development mode\u001b[39m","timestamp":"2025-12-07 00:14:09:149"}
{"level":"\u001b[32minfo\u001b[39m","message":"\u001b[32mMongoDB Connected: localhost\u001b[39m","timestamp":"2025-12-07 00:15:38:1538"}
{"level":"\u001b[32minfo\u001b[39m","message":"\u001b[32mMongoDB Connected: localhost\u001b[39m","timestamp":"2025-12-07 00:15:38:1538"}
{"level":"\u001b[32minfo\u001b[39m","message":"\u001b[32mMongoDB Connected: localhost\u001b[39m","timestamp":"2025-12-07 00:15:38:1538"}
{"level":"\u001b[32minfo\u001b[39m","message":"\u001b[32mMongoDB Connected: localhost\u001b[39m","timestamp":"2025-12-07 00:15:38:1538"}
{"level":"\u001b[32minfo\u001b[39m","message":"\u001b[32mServer running on port 5001 in development mode\u001b[39m","timestamp":"2025-12-07 00:15:39:1539"}
{"level":"\u001b[32minfo\u001b[39m","message":"\u001b[32mMongoDB Connected: localhost\u001b[39m","timestamp":"2025-12-07 00:15:52:1552"}
{"level":"\u001b[32minfo\u001b[39m","message":"\u001b[32mMongoDB Connected: localhost\u001b[39m","timestamp":"2025-12-07 00:16:21:1621"}
{"level":"\u001b[32minfo\u001b[39m","message":"\u001b[32mServer running on port 5001 in development mode\u001b[39m","timestamp":"2025-12-07 00:16:21:1621"}
{"level":"\u001b[32minfo\u001b[39m","message":"\u001b[32mMongoDB Connected: localhost\u001b[39m","timestamp":"2025-12-07 00:17:07:177"}
{"level":"\u001b[32minfo\u001b[39m","message":"\u001b[32mMongoDB Connected: localhost\u001b[39m","timestamp":"2025-12-07 00:17:07:177"}
{"level":"\u001b[32minfo\u001b[39m","message":"\u001b[32mMongoDB Connected: localhost\u001b[39m","timestamp":"2025-12-07 00:17:07:177"}
{"level":"\u001b[32minfo\u001b[39m","message":"\u001b[32mMongoDB Connected: localhost\u001b[39m","timestamp":"2025-12-07 00:17:07:177"}
{"level":"\u001b[32minfo\u001b[39m","message":"\u001b[32mServer running on port 5001 in development mode\u001b[39m","timestamp":"2025-12-07 00:17:08:178"}
{"level":"\u001b[32minfo\u001b[39m","message":"\u001b[32mMongoDB Connected: localhost\u001b[39m","timestamp":"2025-12-07 00:17:31:1731"}
{"level":"\u001b[32minfo\u001b[39m","message":"\u001b[32mMongoDB Connected: localhost\u001b[39m","timestamp":"2025-12-07 00:17:50:1750"}
{"level":"\u001b[32minfo\u001b[39m","message":"\u001b[32mServer running on port 5001 in development mode\u001b[39m","timestamp":"2025-12-07 00:17:50:1750"}
{"level":"\u001b[32minfo\u001b[39m","message":"\u001b[32mMongoDB Connected: localhost\u001b[39m","timestamp":"2025-12-07 09:10:06:106"}
{"level":"\u001b[32minfo\u001b[39m","message":"\u001b[32mServer running on port 5001 in development mode\u001b[39m","timestamp":"2025-12-07 09:10:06:106"}
{"level":"\u001b[32minfo\u001b[39m","message":"\u001b[32mMongoDB Connected: localhost\u001b[39m","timestamp":"2025-12-07 09:14:04:144"}
{"level":"\u001b[32minfo\u001b[39m","message":"\u001b[32mServer running on port 5001 in development mode\u001b[39m","timestamp":"2025-12-07 09:14:04:144"}
{"level":"\u001b[32minfo\u001b[39m","message":"\u001b[32mMongoDB Connected: localhost\u001b[39m","timestamp":"2025-12-07 20:29:17:2917"}
{"level":"\u001b[32minfo\u001b[39m","message":"\u001b[32mServer running on port 5001 in development mode\u001b[39m","timestamp":"2025-12-07 20:29:17:2917"}
{"level":"\u001b[32minfo\u001b[39m","message":"\u001b[32mMongoDB Connected: localhost\u001b[39m","timestamp":"2025-12-08 08:50:07:507"}
{"level":"\u001b[32minfo\u001b[39m","message":"\u001b[32mServer running on port 5001 in development mode\u001b[39m","timestamp":"2025-12-08 08:50:07:507"}
{"level":"\u001b[32minfo\u001b[39m","message":"\u001b[32mMongoDB Connected: localhost\u001b[39m","timestamp":"2025-12-08 10:37:31:3731"}
{"level":"\u001b[32minfo\u001b[39m","message":"\u001b[32mServer running on port 5001 in development mode\u001b[39m","timestamp":"2025-12-08 10:37:31:3731"}
{"level":"\u001b[32minfo\u001b[39m","message":"\u001b[32mMongoDB Connected: localhost\u001b[39m","timestamp":"2025-12-08 11:53:34:5334"}
{"level":"\u001b[32minfo\u001b[39m","message":"\u001b[32mServer running on port 5001 in development mode\u001b[39m","timestamp":"2025-12-08 11:53:34:5334"}
{"level":"\u001b[32minfo\u001b[39m","message":"\u001b[32mMongoDB Connected: localhost\u001b[39m","timestamp":"2026-02-18 11:03:10:310"}
{"level":"\u001b[32minfo\u001b[39m","message":"\u001b[32mServer running on port 5001 in development mode\u001b[39m","timestamp":"2026-02-18 11:03:10:310"}
{"level":"\u001b[32minfo\u001b[39m","message":"\u001b[32mMongoDB Connected: localhost\u001b[39m","timestamp":"2026-02-18 14:24:33:2433"}
{"level":"\u001b[32minfo\u001b[39m","message":"\u001b[32mServer running on port 5001 in development mode\u001b[39m","timestamp":"2026-02-18 14:24:33:2433"}
{"level":"\u001b[32minfo\u001b[39m","message":"\u001b[32mMongoDB Connected: localhost\u001b[39m","timestamp":"2026-02-18 14:40:52:4052"}
{"level":"\u001b[32minfo\u001b[39m","message":"\u001b[32mServer running on port 5001 in development mode\u001b[39m","timestamp":"2026-02-18 14:40:52:4052"}
{"level":"\u001b[32minfo\u001b[39m","message":"\u001b[32mMongoDB Connected: localhost\u001b[39m","timestamp":"2026-02-18 14:43:16:4316"}
{"level":"\u001b[32minfo\u001b[39m","message":"\u001b[32mServer running on port 5001 in development mode\u001b[39m","timestamp":"2026-02-18 14:43:16:4316"}
{"level":"\u001b[32minfo\u001b[39m","message":"\u001b[32mMongoDB Connected: localhost\u001b[39m","timestamp":"2026-02-18 14:45:32:4532"}
{"level":"\u001b[32minfo\u001b[39m","message":"\u001b[32mServer running on port 5001 in development mode\u001b[39m","timestamp":"2026-02-18 14:45:32:4532"}
{"level":"\u001b[32minfo\u001b[39m","message":"\u001b[32mMongoDB Connected: localhost\u001b[39m","timestamp":"2026-02-18 14:51:13:5113"}
{"level":"\u001b[32minfo\u001b[39m","message":"\u001b[32mServer running on port 5001 in development mode\u001b[39m","timestamp":"2026-02-18 14:51:13:5113"}
{"level":"\u001b[32minfo\u001b[39m","message":"\u001b[32mMongoDB Connected: localhost\u001b[39m","timestamp":"2026-02-18 14:54:19:5419"}
{"level":"\u001b[32minfo\u001b[39m","message":"\u001b[32mMongoDB Connected: localhost\u001b[39m","timestamp":"2026-02-18 14:55:21:5521"}
{"level":"\u001b[32minfo\u001b[39m","message":"\u001b[32mServer running on port 5001 in development mode\u001b[39m","timestamp":"2026-02-18 14:55:21:5521"}
{"level":"\u001b[32minfo\u001b[39m","message":"\u001b[32mMongoDB Connected: localhost\u001b[39m","timestamp":"2026-02-18 23:29:13:2913"}
{"level":"\u001b[32minfo\u001b[39m","message":"\u001b[32mServer running on port 5001 in development mode\u001b[39m","timestamp":"2026-02-18 23:29:13:2913"}
{"level":"\u001b[32minfo\u001b[39m","message":"\u001b[32mMongoDB Connected: localhost\u001b[39m","timestamp":"2026-02-18 23:37:58:3758"}
{"level":"\u001b[32minfo\u001b[39m","message":"\u001b[32mMongoDB Connected: localhost\u001b[39m","timestamp":"2026-02-18 23:39:14:3914"}
{"level":"\u001b[32minfo\u001b[39m","message":"\u001b[32mServer running on port 5002 in development mode\u001b[39m","timestamp":"2026-02-18 23:39:14:3914"}
{"level":"\u001b[32minfo\u001b[39m","message":"\u001b[32mMongoDB Connected: localhost\u001b[39m","timestamp":"2026-02-18 23:41:22:4122"}
{"level":"\u001b[32minfo\u001b[39m","message":"\u001b[32mMongoDB Connected: localhost\u001b[39m","timestamp":"2026-02-18 23:41:22:4122"}
{"level":"\u001b[32minfo\u001b[39m","message":"\u001b[32mServer running on port 5002 in development mode\u001b[39m","timestamp":"2026-02-18 23:41:22:4122"}
{"level":"\u001b[32minfo\u001b[39m","message":"\u001b[32mMongoDB Connected: localhost\u001b[39m","timestamp":"2026-02-18 23:52:17:5217"}
{"level":"\u001b[32minfo\u001b[39m","message":"\u001b[32mServer running on port 5002 in development mode\u001b[39m","timestamp":"2026-02-18 23:52:17:5217"}
{"level":"\u001b[32minfo\u001b[39m","message":"\u001b[32mMongoDB Connected: localhost\u001b[39m","timestamp":"2026-02-19 00:04:34:434"}
{"level":"\u001b[32minfo\u001b[39m","message":"\u001b[32mServer running on port 5002 in development mode\u001b[39m","timestamp":"2026-02-19 00:04:34:434"}
{"level":"\u001b[32minfo\u001b[39m","message":"\u001b[32mMongoDB Connected: localhost\u001b[39m","timestamp":"2026-02-19 00:05:00:50"}
{"level":"\u001b[32minfo\u001b[39m","message":"\u001b[32mMongoDB Connected: localhost\u001b[39m","timestamp":"2026-02-19 00:07:38:738"}
{"level":"\u001b[32minfo\u001b[39m","message":"\u001b[32mServer running on port 5002 in development mode\u001b[39m","timestamp":"2026-02-19 00:07:38:738"}
{"level":"\u001b[32minfo\u001b[39m","message":"\u001b[32mMongoDB Connected: localhost\u001b[39m","timestamp":"2026-02-19 00:10:39:1039"}
{"level":"\u001b[32minfo\u001b[39m","message":"\u001b[32mMongoDB Connected: localhost\u001b[39m","timestamp":"2026-02-19 00:10:54:1054"}
{"level":"\u001b[32minfo\u001b[39m","message":"\u001b[32mServer running on port 5002 in development mode\u001b[39m","timestamp":"2026-02-19 00:10:54:1054"}
{"level":"\u001b[32minfo\u001b[39m","message":"\u001b[32mMongoDB Connected: localhost\u001b[39m","timestamp":"2026-02-19 00:28:23:2823"}
{"level":"\u001b[32minfo\u001b[39m","message":"\u001b[32mMongoDB Connected: localhost\u001b[39m","timestamp":"2026-02-19 00:28:23:2823"}
{"level":"\u001b[32minfo\u001b[39m","message":"\u001b[32mMongoDB Connected: localhost\u001b[39m","timestamp":"2026-02-19 00:28:23:2823"}
{"level":"\u001b[32minfo\u001b[39m","message":"\u001b[32mServer running on port 5002 in development mode\u001b[39m","timestamp":"2026-02-19 00:28:23:2823"}
{"level":"\u001b[32minfo\u001b[39m","message":"\u001b[32mMongoDB Connected: localhost\u001b[39m","timestamp":"2026-02-19 00:28:30:2830"}
{"level":"\u001b[32minfo\u001b[39m","message":"\u001b[32mMongoDB Connected: localhost\u001b[39m","timestamp":"2026-02-19 00:28:30:2830"}
{"level":"\u001b[32minfo\u001b[39m","message":"\u001b[32mServer running on port 5002 in development mode\u001b[39m","timestamp":"2026-02-19 00:28:30:2830"}
{"level":"\u001b[32minfo\u001b[39m","message":"\u001b[32mMongoDB Connected: localhost\u001b[39m","timestamp":"2026-02-19 00:28:30:2830"}
{"level":"\u001b[32minfo\u001b[39m","message":"\u001b[32mMongoDB Connected: localhost\u001b[39m","timestamp":"2026-02-19 00:34:00:340"}
{"level":"\u001b[32minfo\u001b[39m","message":"\u001b[32mMongoDB Connected: localhost\u001b[39m","timestamp":"2026-02-19 00:34:00:340"}
{"level":"\u001b[32minfo\u001b[39m","message":"\u001b[32mMongoDB Connected: localhost\u001b[39m","timestamp":"2026-02-19 00:34:00:340"}
{"level":"\u001b[32minfo\u001b[39m","message":"\u001b[32mServer running on port 5002 in development mode\u001b[39m","timestamp":"2026-02-19 00:34:00:340"}
{"level":"\u001b[32minfo\u001b[39m","message":"\u001b[32mMongoDB Connected: localhost\u001b[39m","timestamp":"2026-02-19 00:35:43:3543"}
{"level":"\u001b[32minfo\u001b[39m","message":"\u001b[32mMongoDB Connected: localhost\u001b[39m","timestamp":"2026-02-19 00:35:43:3543"}
{"level":"\u001b[32minfo\u001b[39m","message":"\u001b[32mServer running on port 5002 in development mode\u001b[39m","timestamp":"2026-02-19 00:35:43:3543"}
{"level":"\u001b[32minfo\u001b[39m","message":"\u001b[32mMongoDB Connected: localhost\u001b[39m","timestamp":"2026-02-19 00:35:43:3543"}
{"level":"\u001b[32minfo\u001b[39m","message":"\u001b[32mMongoDB Connected: localhost\u001b[39m","timestamp":"2026-02-19 00:44:26:4426"}
{"level":"\u001b[32minfo\u001b[39m","message":"\u001b[32mMongoDB Connected: localhost\u001b[39m","timestamp":"2026-02-19 00:44:26:4426"}
{"level":"\u001b[32minfo\u001b[39m","message":"\u001b[32mMongoDB Connected: localhost\u001b[39m","timestamp":"2026-02-19 00:44:26:4426"}
{"level":"\u001b[32minfo\u001b[39m","message":"\u001b[32mServer running on port 5002 in development mode\u001b[39m","timestamp":"2026-02-19 00:44:26:4426"}
{"level":"\u001b[32minfo\u001b[39m","message":"\u001b[32mMongoDB Connected: localhost\u001b[39m","timestamp":"2026-02-19 00:50:48:5048"}
{"level":"\u001b[32minfo\u001b[39m","message":"\u001b[32mMongoDB Connected: localhost\u001b[39m","timestamp":"2026-02-19 00:50:48:5048"}
{"level":"\u001b[32minfo\u001b[39m","message":"\u001b[32mMongoDB Connected: localhost\u001b[39m","timestamp":"2026-02-19 00:50:48:5048"}
{"level":"\u001b[32minfo\u001b[39m","message":"\u001b[32mServer running on port 5002 in development mode\u001b[39m","timestamp":"2026-02-19 00:50:48:5048"}
{"level":"\u001b[32minfo\u001b[39m","message":"\u001b[32mMongoDB Connected: localhost\u001b[39m","timestamp":"2026-02-19 00:51:16:5116"}
{"level":"\u001b[32minfo\u001b[39m","message":"\u001b[32mServer running on port 5002 in development mode\u001b[39m","timestamp":"2026-02-19 00:51:16:5116"}
{"level":"\u001b[32minfo\u001b[39m","message":"\u001b[32mMongoDB Connected: localhost\u001b[39m","timestamp":"2026-02-19 00:54:20:5420"}
{"level":"\u001b[32minfo\u001b[39m","message":"\u001b[32mServer running on port 5002 in development mode\u001b[39m","timestamp":"2026-02-19 00:54:20:5420"}
{"level":"\u001b[32minfo\u001b[39m","message":"\u001b[32mMongoDB Connected: localhost\u001b[39m","timestamp":"2026-02-19 00:54:26:5426"}
{"level":"\u001b[32minfo\u001b[39m","message":"\u001b[32mServer running on port 5002 in development mode\u001b[39m","timestamp":"2026-02-19 00:54:26:5426"}
{"level":"\u001b[32minfo\u001b[39m","message":"\u001b[32mMongoDB Connected: localhost\u001b[39m","timestamp":"2026-02-19 00:54:34:5434"}
{"level":"\u001b[32minfo\u001b[39m","message":"\u001b[32mServer running on port 5002 in development mode\u001b[39m","timestamp":"2026-02-19 00:54:34:5434"}
{"level":"\u001b[32minfo\u001b[39m","message":"\u001b[32mMongoDB Connected: localhost\u001b[39m","timestamp":"2026-02-19 01:03:30:330"}
{"level":"\u001b[32minfo\u001b[39m","message":"\u001b[32mServer running on port 5002 in development mode\u001b[39m","timestamp":"2026-02-19 01:03:30:330"}
{"level":"\u001b[32minfo\u001b[39m","message":"\u001b[32mMongoDB Connected: localhost\u001b[39m","timestamp":"2026-02-19 01:10:40:1040"}
{"level":"\u001b[32minfo\u001b[39m","message":"\u001b[32mServer running on port 5002 in development mode\u001b[39m","timestamp":"2026-02-19 01:10:40:1040"}
{"level":"\u001b[32minfo\u001b[39m","message":"\u001b[32mMongoDB Connected: localhost\u001b[39m","timestamp":"2026-02-19 01:11:58:1158"}
{"level":"\u001b[32minfo\u001b[39m","message":"\u001b[32mServer running on port 5002 in development mode\u001b[39m","timestamp":"2026-02-19 01:11:58:1158"}
{"level":"\u001b[32minfo\u001b[39m","message":"\u001b[32mMongoDB Connected: localhost\u001b[39m","timestamp":"2026-02-19 01:13:10:1310"}
{"level":"\u001b[32minfo\u001b[39m","message":"\u001b[32mServer running on port 5002 in development mode\u001b[39m","timestamp":"2026-02-19 01:13:10:1310"}
{"level":"\u001b[32minfo\u001b[39m","message":"\u001b[32mMongoDB Connected: localhost\u001b[39m","timestamp":"2026-02-19 01:13:52:1352"}
{"level":"\u001b[32minfo\u001b[39m","message":"\u001b[32mServer running on port 5002 in development mode\u001b[39m","timestamp":"2026-02-19 01:13:52:1352"}
{"level":"\u001b[32minfo\u001b[39m","message":"\u001b[32mMongoDB Connected: localhost\u001b[39m","timestamp":"2026-02-19 01:14:19:1419"}
{"level":"\u001b[32minfo\u001b[39m","message":"\u001b[32mServer running on port 5002 in development mode\u001b[39m","timestamp":"2026-02-19 01:14:19:1419"}
{"level":"\u001b[32minfo\u001b[39m","message":"\u001b[32mMongoDB Connected: localhost\u001b[39m","timestamp":"2026-02-19 01:16:20:1620"}
{"level":"\u001b[32minfo\u001b[39m","message":"\u001b[32mServer running on port 5002 in development mode\u001b[39m","timestamp":"2026-02-19 01:16:20:1620"}
{"level":"\u001b[32minfo\u001b[39m","message":"\u001b[32mMongoDB Connected: localhost\u001b[39m","timestamp":"2026-02-19 01:19:43:1943"}
{"level":"\u001b[32minfo\u001b[39m","message":"\u001b[32mServer running on port 5002 in development mode\u001b[39m","timestamp":"2026-02-19 01:19:43:1943"}
{"error":"listen EADDRINUSE: address already in use :::5002","level":"\u001b[31merror\u001b[39m","message":"\u001b[31mUncaught Exception:\u001b[39m","stack":"Error: listen EADDRINUSE: address already in use :::5002\n    at Server.setupListenHandle [as _listen2] (node:net:1940:16)\n    at listenInCluster (node:net:1997:12)\n    at Server.listen (node:net:2102:7)\n    at Function.listen (e:\\course manage\\backend\\node_modules\\express\\lib\\application.js:635:24)\n    at startServer (e:\\course manage\\backend\\src\\server.js:34:24)\n    at process.processTicksAndRejections (node:internal/process/task_queues:105:5)","timestamp":"2026-02-19 01:28:19:2819"}
{"level":"\u001b[32minfo\u001b[39m","message":"\u001b[32mMongoDB Connected: localhost\u001b[39m","timestamp":"2026-02-19 10:34:29:3429"}
{"level":"\u001b[32minfo\u001b[39m","message":"\u001b[32mServer running on port 5002 in development mode\u001b[39m","timestamp":"2026-02-19 10:34:29:3429"}
{"level":"\u001b[32minfo\u001b[39m","message":"\u001b[32mMongoDB Connected: localhost\u001b[39m","timestamp":"2026-02-19 10:40:32:4032"}
{"level":"\u001b[32minfo\u001b[39m","message":"\u001b[32mServer running on port 5002 in development mode\u001b[39m","timestamp":"2026-02-19 10:40:32:4032"}
{"level":"\u001b[32minfo\u001b[39m","message":"\u001b[32mMongoDB Connected: localhost\u001b[39m","timestamp":"2026-02-19 10:43:15:4315"}
{"level":"\u001b[32minfo\u001b[39m","message":"\u001b[32mMongoDB Connected: localhost\u001b[39m","timestamp":"2026-02-19 10:48:16:4816"}
{"level":"\u001b[32minfo\u001b[39m","message":"\u001b[32mMongoDB Connected: localhost\u001b[39m","timestamp":"2026-02-19 10:49:18:4918"}
{"level":"\u001b[32minfo\u001b[39m","message":"\u001b[32mMongoDB Connected: localhost\u001b[39m","timestamp":"2026-02-19 10:51:23:5123"}
{"level":"\u001b[32minfo\u001b[39m","message":"\u001b[32mMongoDB Connected: localhost\u001b[39m","timestamp":"2026-02-19 10:51:44:5144"}
{"level":"\u001b[32minfo\u001b[39m","message":"\u001b[32mMongoDB Connected: localhost\u001b[39m","timestamp":"2026-02-19 10:53:14:5314"}
{"level":"\u001b[32minfo\u001b[39m","message":"\u001b[32mServer running on port 5002 in development mode\u001b[39m","timestamp":"2026-02-19 10:53:14:5314"}
{"level":"\u001b[32minfo\u001b[39m","message":"\u001b[32mMongoDB Connected: localhost\u001b[39m","timestamp":"2026-02-19 10:53:35:5335"}
{"level":"\u001b[32minfo\u001b[39m","message":"\u001b[32mMongoDB Connected: localhost\u001b[39m","timestamp":"2026-02-19 10:55:14:5514"}
{"level":"\u001b[32minfo\u001b[39m","message":"\u001b[32mServer running on port 5002 in development mode\u001b[39m","timestamp":"2026-02-19 10:55:14:5514"}
{"level":"\u001b[32minfo\u001b[39m","message":"\u001b[32mMongoDB Connected: localhost\u001b[39m","timestamp":"2026-02-19 10:56:09:569"}
{"level":"\u001b[32minfo\u001b[39m","message":"\u001b[32mMongoDB Connected: localhost\u001b[39m","timestamp":"2026-02-19 10:57:07:577"}
{"level":"\u001b[32minfo\u001b[39m","message":"\u001b[32mServer running on port 5002 in development mode\u001b[39m","timestamp":"2026-02-19 10:57:07:577"}
{"level":"\u001b[32minfo\u001b[39m","message":"\u001b[32mMongoDB Connected: localhost\u001b[39m","timestamp":"2026-02-19 10:57:24:5724"}
{"level":"\u001b[32minfo\u001b[39m","message":"\u001b[32mMongoDB Connected: localhost\u001b[39m","timestamp":"2026-02-19 11:18:22:1822"}
{"level":"\u001b[32minfo\u001b[39m","message":"\u001b[32mMongoDB Connected: localhost\u001b[39m","timestamp":"2026-02-19 11:18:22:1822"}
{"level":"\u001b[32minfo\u001b[39m","message":"\u001b[32mMongoDB Connected: localhost\u001b[39m","timestamp":"2026-02-19 11:18:22:1822"}
{"level":"\u001b[32minfo\u001b[39m","message":"\u001b[32mServer running on port 5002 in development mode\u001b[39m","timestamp":"2026-02-19 11:18:22:1822"}
{"level":"\u001b[32minfo\u001b[39m","message":"\u001b[32mMongoDB Connected: localhost\u001b[39m","timestamp":"2026-02-19 11:20:00:200"}
{"level":"\u001b[32minfo\u001b[39m","message":"\u001b[32mMongoDB Connected: localhost\u001b[39m","timestamp":"2026-02-19 11:20:00:200"}
{"level":"\u001b[32minfo\u001b[39m","message":"\u001b[32mMongoDB Connected: localhost\u001b[39m","timestamp":"2026-02-19 11:20:00:200"}
{"level":"\u001b[32minfo\u001b[39m","message":"\u001b[32mServer running on port 5002 in development mode\u001b[39m","timestamp":"2026-02-19 11:20:00:200"}
{"level":"\u001b[32minfo\u001b[39m","message":"\u001b[32mMongoDB Connected: localhost\u001b[39m","timestamp":"2026-02-19 14:42:27:4227"}
{"level":"\u001b[32minfo\u001b[39m","message":"\u001b[32mMongoDB Connected: localhost\u001b[39m","timestamp":"2026-02-19 14:43:25:4325"}
{"level":"\u001b[32minfo\u001b[39m","message":"\u001b[32mMongoDB Connected: localhost\u001b[39m","timestamp":"2026-02-19 14:44:48:4448"}
{"level":"\u001b[32minfo\u001b[39m","message":"\u001b[32mServer running on port 3001  in development mode\u001b[39m","timestamp":"2026-02-19 14:44:48:4448"}
{"level":"\u001b[32minfo\u001b[39m","message":"\u001b[32mMongoDB Connected: localhost\u001b[39m","timestamp":"2026-02-19 14:45:04:454"}
{"level":"\u001b[32minfo\u001b[39m","message":"\u001b[32mServer running on port 5002 in development mode\u001b[39m","timestamp":"2026-02-19 14:45:04:454"}
{"level":"\u001b[32minfo\u001b[39m","message":"\u001b[32mMongoDB Connected: localhost\u001b[39m","timestamp":"2026-02-19 14:49:18:4918"}
{"level":"\u001b[32minfo\u001b[39m","message":"\u001b[32mServer running on port 5002 in development mode\u001b[39m","timestamp":"2026-02-19 14:49:18:4918"}
{"level":"\u001b[32minfo\u001b[39m","message":"\u001b[32mMongoDB Connected: localhost\u001b[39m","timestamp":"2026-02-19 15:36:57:3657"}
{"level":"\u001b[32minfo\u001b[39m","message":"\u001b[32mMongoDB Connected: localhost\u001b[39m","timestamp":"2026-02-19 15:36:57:3657"}
{"level":"\u001b[32minfo\u001b[39m","message":"\u001b[32mMongoDB Connected: localhost\u001b[39m","timestamp":"2026-02-19 15:36:57:3657"}
{"level":"\u001b[32minfo\u001b[39m","message":"\u001b[32mMongoDB Connected: localhost\u001b[39m","timestamp":"2026-02-19 15:36:57:3657"}
{"level":"\u001b[32minfo\u001b[39m","message":"\u001b[32mMongoDB Connected: localhost\u001b[39m","timestamp":"2026-02-19 15:36:57:3657"}
{"level":"\u001b[32minfo\u001b[39m","message":"\u001b[32mServer running on port 3001  in development mode\u001b[39m","timestamp":"2026-02-19 15:36:57:3657"}
{"level":"\u001b[32minfo\u001b[39m","message":"\u001b[32mServer running on port 5002 in development mode\u001b[39m","timestamp":"2026-02-19 15:36:57:3657"}
{"level":"\u001b[32minfo\u001b[39m","message":"\u001b[32mMongoDB Connected: localhost\u001b[39m","timestamp":"2026-02-19 15:37:05:375"}
{"level":"\u001b[32minfo\u001b[39m","message":"\u001b[32mServer running on port 5002 in development mode\u001b[39m","timestamp":"2026-02-19 15:37:05:375"}
{"level":"\u001b[32minfo\u001b[39m","message":"\u001b[32mMongoDB Connected: localhost\u001b[39m","timestamp":"2026-02-19 15:37:06:376"}
{"level":"\u001b[32minfo\u001b[39m","message":"\u001b[32mMongoDB Connected: localhost\u001b[39m","timestamp":"2026-02-19 15:37:06:376"}
{"level":"\u001b[32minfo\u001b[39m","message":"\u001b[32mMongoDB Connected: localhost\u001b[39m","timestamp":"2026-02-19 15:37:06:376"}
{"level":"\u001b[32minfo\u001b[39m","message":"\u001b[32mServer running on port 3001  in development mode\u001b[39m","timestamp":"2026-02-19 15:37:06:376"}
{"level":"\u001b[32minfo\u001b[39m","message":"\u001b[32mMongoDB Connected: localhost\u001b[39m","timestamp":"2026-02-19 15:37:06:376"}
{"level":"\u001b[32minfo\u001b[39m","message":"\u001b[32mMongoDB Connected: localhost\u001b[39m","timestamp":"2026-02-19 15:40:56:4056"}
{"level":"\u001b[32minfo\u001b[39m","message":"\u001b[32mServer running on port 5002 in development mode\u001b[39m","timestamp":"2026-02-19 15:40:56:4056"}
{"level":"\u001b[32minfo\u001b[39m","message":"\u001b[32mMongoDB Connected: localhost\u001b[39m","timestamp":"2026-02-19 15:40:56:4056"}
{"level":"\u001b[32minfo\u001b[39m","message":"\u001b[32mMongoDB Connected: localhost\u001b[39m","timestamp":"2026-02-19 15:40:56:4056"}
{"level":"\u001b[32minfo\u001b[39m","message":"\u001b[32mMongoDB Connected: localhost\u001b[39m","timestamp":"2026-02-19 15:40:56:4056"}
{"level":"\u001b[32minfo\u001b[39m","message":"\u001b[32mServer running on port 3001  in development mode\u001b[39m","timestamp":"2026-02-19 15:40:56:4056"}
{"level":"\u001b[32minfo\u001b[39m","message":"\u001b[32mMongoDB Connected: localhost\u001b[39m","timestamp":"2026-02-19 15:40:56:4056"}
{"level":"\u001b[32minfo\u001b[39m","message":"\u001b[32mMongoDB Connected: localhost\u001b[39m","timestamp":"2026-02-19 15:44:28:4428"}
{"level":"\u001b[32minfo\u001b[39m","message":"\u001b[32mServer running on port 5002 with WebSocket support\u001b[39m","timestamp":"2026-02-19 15:44:28:4428"}
{"level":"\u001b[32minfo\u001b[39m","message":"\u001b[32mMongoDB Connected: localhost\u001b[39m","timestamp":"2026-02-19 15:44:50:4450"}
{"level":"\u001b[32minfo\u001b[39m","message":"\u001b[32mMongoDB Connected: localhost\u001b[39m","timestamp":"2026-02-19 15:45:06:456"}
{"level":"\u001b[32minfo\u001b[39m","message":"\u001b[32mMongoDB Connected: localhost\u001b[39m","timestamp":"2026-02-19 15:45:29:4529"}
{"level":"\u001b[32minfo\u001b[39m","message":"\u001b[32mServer running on port 5002 with WebSocket support\u001b[39m","timestamp":"2026-02-19 15:45:29:4529"}
{"level":"\u001b[32minfo\u001b[39m","message":"\u001b[32mMongoDB Connected: localhost\u001b[39m","timestamp":"2026-02-19 15:45:35:4535"}
{"level":"\u001b[32minfo\u001b[39m","message":"\u001b[32mMongoDB Connected: localhost\u001b[39m","timestamp":"2026-02-19 15:48:01:481"}
{"level":"\u001b[32minfo\u001b[39m","message":"\u001b[32mServer running on port 3001  with WebSocket support\u001b[39m","timestamp":"2026-02-19 15:48:01:481"}
{"level":"\u001b[32minfo\u001b[39m","message":"\u001b[32mMongoDB Connected: localhost\u001b[39m","timestamp":"2026-02-19 15:48:23:4823"}
{"level":"\u001b[32minfo\u001b[39m","message":"\u001b[32mServer running on port 5002 with WebSocket support\u001b[39m","timestamp":"2026-02-19 15:48:23:4823"}
{"level":"\u001b[32minfo\u001b[39m","message":"\u001b[32mMongoDB Connected: localhost\u001b[39m","timestamp":"2026-02-19 15:49:46:4946"}
{"level":"\u001b[32minfo\u001b[39m","message":"\u001b[32mMongoDB Connected: localhost\u001b[39m","timestamp":"2026-02-19 15:56:39:5639"}
{"level":"\u001b[32minfo\u001b[39m","message":"\u001b[32mMongoDB Connected: localhost\u001b[39m","timestamp":"2026-02-19 15:56:39:5639"}
{"level":"\u001b[32minfo\u001b[39m","message":"\u001b[32mMongoDB Connected: localhost\u001b[39m","timestamp":"2026-02-19 15:56:39:5639"}
{"level":"\u001b[32minfo\u001b[39m","message":"\u001b[32mMongoDB Connected: localhost\u001b[39m","timestamp":"2026-02-19 15:56:39:5639"}
{"level":"\u001b[32minfo\u001b[39m","message":"\u001b[32mMongoDB Connected: localhost\u001b[39m","timestamp":"2026-02-19 15:56:39:5639"}
{"level":"\u001b[32minfo\u001b[39m","message":"\u001b[32mServer running on port 3001 with WebSocket support\u001b[39m","timestamp":"2026-02-19 15:56:39:5639"}
{"level":"\u001b[32minfo\u001b[39m","message":"\u001b[32mMongoDB Connected: localhost\u001b[39m","timestamp":"2026-02-19 15:56:39:5639"}
{"level":"\u001b[32minfo\u001b[39m","message":"\u001b[32mMongoDB Connected: localhost\u001b[39m","timestamp":"2026-02-19 15:56:39:5639"}
{"level":"\u001b[32minfo\u001b[39m","message":"\u001b[32mMongoDB Connected: localhost\u001b[39m","timestamp":"2026-02-19 15:56:39:5639"}
{"level":"\u001b[32minfo\u001b[39m","message":"\u001b[32mMongoDB Connected: localhost\u001b[39m","timestamp":"2026-02-19 15:56:46:5646"}
{"level":"\u001b[32minfo\u001b[39m","message":"\u001b[32mServer running on port 3001 with WebSocket support\u001b[39m","timestamp":"2026-02-19 15:56:46:5646"}
{"level":"\u001b[32minfo\u001b[39m","message":"\u001b[32mMongoDB Connected: localhost\u001b[39m","timestamp":"2026-02-19 15:56:46:5646"}
{"level":"\u001b[32minfo\u001b[39m","message":"\u001b[32mMongoDB Connected: localhost\u001b[39m","timestamp":"2026-02-19 15:56:46:5646"}
{"level":"\u001b[32minfo\u001b[39m","message":"\u001b[32mMongoDB Connected: localhost\u001b[39m","timestamp":"2026-02-19 15:56:47:5647"}
{"level":"\u001b[32minfo\u001b[39m","message":"\u001b[32mMongoDB Connected: localhost\u001b[39m","timestamp":"2026-02-19 15:56:47:5647"}
{"level":"\u001b[32minfo\u001b[39m","message":"\u001b[32mMongoDB Connected: localhost\u001b[39m","timestamp":"2026-02-19 15:56:47:5647"}
{"level":"\u001b[32minfo\u001b[39m","message":"\u001b[32mMongoDB Connected: localhost\u001b[39m","timestamp":"2026-02-19 15:56:47:5647"}
{"level":"\u001b[32minfo\u001b[39m","message":"\u001b[32mMongoDB Connected: localhost\u001b[39m","timestamp":"2026-02-19 15:56:47:5647"}
{"level":"\u001b[32minfo\u001b[39m","message":"\u001b[32mMongoDB Connected: localhost\u001b[39m","timestamp":"2026-02-19 16:09:48:948"}
{"level":"\u001b[32minfo\u001b[39m","message":"\u001b[32mServer running on port 3001 with WebSocket support\u001b[39m","timestamp":"2026-02-19 16:09:48:948"}
{"level":"\u001b[32minfo\u001b[39m","message":"\u001b[32mMongoDB Connected: localhost\u001b[39m","timestamp":"2026-02-19 16:09:49:949"}
{"level":"\u001b[32minfo\u001b[39m","message":"\u001b[32mMongoDB Connected: localhost\u001b[39m","timestamp":"2026-02-23 13:48:27:4827"}
{"level":"\u001b[32minfo\u001b[39m","message":"\u001b[32mServer running on port 3001 with WebSocket support\u001b[39m","timestamp":"2026-02-23 13:48:27:4827"}
{"level":"\u001b[32minfo\u001b[39m","message":"\u001b[32mMongoDB Connected: localhost\u001b[39m","timestamp":"2026-03-08 14:45:17:4517"}
{"level":"\u001b[32minfo\u001b[39m","message":"\u001b[32mServer running on port 3001 with WebSocket support\u001b[39m","timestamp":"2026-03-08 14:45:17:4517"}
{"level":"\u001b[32minfo\u001b[39m","message":"\u001b[32mMongoDB Connected: localhost\u001b[39m","timestamp":"2026-03-08 14:51:05:515"}
{"level":"\u001b[32minfo\u001b[39m","message":"\u001b[32mMongoDB Connected: localhost\u001b[39m","timestamp":"2026-03-08 14:58:57:5857"}
{"level":"\u001b[32minfo\u001b[39m","message":"\u001b[32mMongoDB Connected: localhost\u001b[39m","timestamp":"2026-03-08 14:58:57:5857"}
{"level":"\u001b[32minfo\u001b[39m","message":"\u001b[32mServer running on port 3001 with WebSocket support\u001b[39m","timestamp":"2026-03-08 14:58:57:5857"}
{"level":"\u001b[32minfo\u001b[39m","message":"\u001b[32mMongoDB Connected: localhost\u001b[39m","timestamp":"2026-03-08 17:16:09:169"}
{"level":"\u001b[32minfo\u001b[39m","message":"\u001b[32mServer running on port 3001 with WebSocket support\u001b[39m","timestamp":"2026-03-08 17:16:09:169"}
{"level":"\u001b[32minfo\u001b[39m","message":"\u001b[32mMongoDB Connected: localhost\u001b[39m","timestamp":"2026-03-08 17:23:32:2332"}
{"level":"\u001b[32minfo\u001b[39m","message":"\u001b[32mMongoDB Connected: localhost\u001b[39m","timestamp":"2026-03-08 17:23:32:2332"}
{"level":"\u001b[32minfo\u001b[39m","message":"\u001b[32mServer running on port 3001 with WebSocket support\u001b[39m","timestamp":"2026-03-08 17:23:32:2332"}
{"level":"\u001b[32minfo\u001b[39m","message":"\u001b[32mMongoDB Connected: localhost\u001b[39m","timestamp":"2026-03-08 17:23:44:2344"}
{"level":"\u001b[32minfo\u001b[39m","message":"\u001b[32mMongoDB Connected: localhost\u001b[39m","timestamp":"2026-03-08 17:23:44:2344"}
{"level":"\u001b[32minfo\u001b[39m","message":"\u001b[32mServer running on port 3001 with WebSocket support\u001b[39m","timestamp":"2026-03-08 17:23:44:2344"}
{"level":"\u001b[32minfo\u001b[39m","message":"\u001b[32mMongoDB Connected: localhost\u001b[39m","timestamp":"2026-03-08 17:24:16:2416"}
{"level":"\u001b[32minfo\u001b[39m","message":"\u001b[32mMongoDB Connected: localhost\u001b[39m","timestamp":"2026-03-08 17:24:16:2416"}
{"level":"\u001b[32minfo\u001b[39m","message":"\u001b[32mServer running on port 3001 with WebSocket support\u001b[39m","timestamp":"2026-03-08 17:24:16:2416"}
{"level":"\u001b[32minfo\u001b[39m","message":"\u001b[32mMongoDB Connected: localhost\u001b[39m","timestamp":"2026-03-08 17:24:22:2422"}
{"level":"\u001b[32minfo\u001b[39m","message":"\u001b[32mServer running on port 3001 with WebSocket support\u001b[39m","timestamp":"2026-03-08 17:24:23:2423"}
{"level":"\u001b[32minfo\u001b[39m","message":"\u001b[32mMongoDB Connected: localhost\u001b[39m","timestamp":"2026-03-08 17:24:23:2423"}
{"level":"\u001b[32minfo\u001b[39m","message":"\u001b[32mMongoDB Connected: localhost\u001b[39m","timestamp":"2026-03-08 17:25:54:2554"}
{"level":"\u001b[32minfo\u001b[39m","message":"\u001b[32mMongoDB Connected: localhost\u001b[39m","timestamp":"2026-03-08 17:25:54:2554"}
{"level":"\u001b[32minfo\u001b[39m","message":"\u001b[32mServer running on port 3001 with WebSocket support\u001b[39m","timestamp":"2026-03-08 17:25:54:2554"}
{"level":"\u001b[32minfo\u001b[39m","message":"\u001b[32mMongoDB Connected: localhost\u001b[39m","timestamp":"2026-03-08 17:26:29:2629"}
{"level":"\u001b[32minfo\u001b[39m","message":"\u001b[32mMongoDB Connected: localhost\u001b[39m","timestamp":"2026-03-08 17:26:29:2629"}
{"level":"\u001b[32minfo\u001b[39m","message":"\u001b[32mServer running on port 3001 with WebSocket support\u001b[39m","timestamp":"2026-03-08 17:26:29:2629"}
{"level":"\u001b[32minfo\u001b[39m","message":"\u001b[32mMongoDB Connected: localhost\u001b[39m","timestamp":"2026-03-08 18:13:58:1358"}
{"level":"\u001b[32minfo\u001b[39m","message":"\u001b[32mServer running on port 3001 with WebSocket support\u001b[39m","timestamp":"2026-03-08 18:13:58:1358"}
{"level":"\u001b[32minfo\u001b[39m","message":"\u001b[32mMongoDB Connected: localhost\u001b[39m","timestamp":"2026-03-08 18:57:50:5750"}
{"level":"\u001b[32minfo\u001b[39m","message":"\u001b[32mServer running on port 3001 with WebSocket support\u001b[39m","timestamp":"2026-03-08 18:57:50:5750"}
{"level":"\u001b[32minfo\u001b[39m","message":"\u001b[32mMongoDB Connected: localhost\u001b[39m","timestamp":"2026-03-14 14:31:06:316"}
{"level":"\u001b[32minfo\u001b[39m","message":"\u001b[32mServer running on port 3001 with WebSocket support\u001b[39m","timestamp":"2026-03-14 14:31:06:316"}
{"level":"\u001b[32minfo\u001b[39m","message":"\u001b[32mMongoDB Connected: localhost\u001b[39m","timestamp":"2026-03-14 14:37:18:3718"}
{"level":"\u001b[32minfo\u001b[39m","message":"\u001b[32mServer running on port 3001 with WebSocket support\u001b[39m","timestamp":"2026-03-14 14:37:18:3718"}
{"level":"\u001b[32minfo\u001b[39m","message":"\u001b[32mMongoDB Connected: localhost\u001b[39m","timestamp":"2026-03-14 14:37:46:3746"}
{"level":"\u001b[32minfo\u001b[39m","message":"\u001b[32mServer running on port 3001 with WebSocket support\u001b[39m","timestamp":"2026-03-14 14:37:46:3746"}
{"level":"\u001b[32minfo\u001b[39m","message":"\u001b[32mMongoDB Connected: localhost\u001b[39m","timestamp":"2026-03-14 14:38:15:3815"}
{"level":"\u001b[32minfo\u001b[39m","message":"\u001b[32mServer running on port 3001 with WebSocket support\u001b[39m","timestamp":"2026-03-14 14:38:15:3815"}
{"level":"\u001b[32minfo\u001b[39m","message":"\u001b[32mMongoDB Connected: localhost\u001b[39m","timestamp":"2026-03-14 14:39:02:392"}
{"level":"\u001b[32minfo\u001b[39m","message":"\u001b[32mServer running on port 3001 with WebSocket support\u001b[39m","timestamp":"2026-03-14 14:39:02:392"}
{"level":"\u001b[32minfo\u001b[39m","message":"\u001b[32mMongoDB Connected: localhost\u001b[39m","timestamp":"2026-03-14 14:39:37:3937"}
{"level":"\u001b[32minfo\u001b[39m","message":"\u001b[32mServer running on port 3001 with WebSocket support\u001b[39m","timestamp":"2026-03-14 14:39:37:3937"}
{"level":"\u001b[32minfo\u001b[39m","message":"\u001b[32mMongoDB Connected: localhost\u001b[39m","timestamp":"2026-03-14 14:40:13:4013"}
{"level":"\u001b[32minfo\u001b[39m","message":"\u001b[32mServer running on port 3001 with WebSocket support\u001b[39m","timestamp":"2026-03-14 14:40:13:4013"}
{"level":"\u001b[32minfo\u001b[39m","message":"\u001b[32mMongoDB Connected: localhost\u001b[39m","timestamp":"2026-03-14 14:42:48:4248"}
{"level":"\u001b[32minfo\u001b[39m","message":"\u001b[32mServer running on port 3001 with WebSocket support\u001b[39m","timestamp":"2026-03-14 14:42:48:4248"}
{"level":"\u001b[32minfo\u001b[39m","message":"\u001b[32mMongoDB Connected: localhost\u001b[39m","timestamp":"2026-03-14 14:44:48:4448"}
{"level":"\u001b[32minfo\u001b[39m","message":"\u001b[32mServer running on port 3001 with WebSocket support\u001b[39m","timestamp":"2026-03-14 14:44:48:4448"}
{"level":"\u001b[32minfo\u001b[39m","message":"\u001b[32mMongoDB Connected: localhost\u001b[39m","timestamp":"2026-03-14 14:45:12:4512"}
{"level":"\u001b[32minfo\u001b[39m","message":"\u001b[32mServer running on port 3001 with WebSocket support\u001b[39m","timestamp":"2026-03-14 14:45:12:4512"}
{"level":"\u001b[32minfo\u001b[39m","message":"\u001b[32mMongoDB Connected: localhost\u001b[39m","timestamp":"2026-03-14 14:46:01:461"}
{"level":"\u001b[32minfo\u001b[39m","message":"\u001b[32mServer running on port 3001 with WebSocket support\u001b[39m","timestamp":"2026-03-14 14:46:01:461"}
{"level":"\u001b[32minfo\u001b[39m","message":"\u001b[32mMongoDB Connected: localhost\u001b[39m","timestamp":"2026-03-14 15:02:04:24"}
{"level":"\u001b[32minfo\u001b[39m","message":"\u001b[32mServer running on port 8000 with WebSocket support\u001b[39m","timestamp":"2026-03-14 15:02:04:24"}
{"level":"\u001b[32minfo\u001b[39m","message":"\u001b[32mMongoDB Connected: localhost\u001b[39m","timestamp":"2026-03-14 15:10:53:1053"}
{"level":"\u001b[32minfo\u001b[39m","message":"\u001b[32mServer running on port 8000 with WebSocket support\u001b[39m","timestamp":"2026-03-14 15:10:53:1053"}
{"level":"\u001b[32minfo\u001b[39m","message":"\u001b[32mMongoDB Connected: localhost\u001b[39m","timestamp":"2026-03-14 15:11:05:115"}
{"level":"\u001b[32minfo\u001b[39m","message":"\u001b[32mServer running on port 8000 with WebSocket support\u001b[39m","timestamp":"2026-03-14 15:11:05:115"}
{"level":"\u001b[32minfo\u001b[39m","message":"\u001b[32mMongoDB Connected: localhost\u001b[39m","timestamp":"2026-03-14 15:43:44:4344"}
{"level":"\u001b[32minfo\u001b[39m","message":"\u001b[32mServer running on port 8000 with WebSocket support\u001b[39m","timestamp":"2026-03-14 15:43:44:4344"}
{"level":"\u001b[32minfo\u001b[39m","message":"\u001b[32mMongoDB Connected: localhost\u001b[39m","timestamp":"2026-03-14 15:46:30:4630"}
{"level":"\u001b[32minfo\u001b[39m","message":"\u001b[32mServer running on port 8000 with WebSocket support\u001b[39m","timestamp":"2026-03-14 15:46:30:4630"}
{"level":"\u001b[32minfo\u001b[39m","message":"\u001b[32mMongoDB Connected: localhost\u001b[39m","timestamp":"2026-03-14 15:46:43:4643"}
{"level":"\u001b[32minfo\u001b[39m","message":"\u001b[32mServer running on port 8000 with WebSocket support\u001b[39m","timestamp":"2026-03-14 15:46:43:4643"}
{"level":"\u001b[32minfo\u001b[39m","message":"\u001b[32mMongoDB Connected: localhost\u001b[39m","timestamp":"2026-03-14 15:51:07:517"}
{"level":"\u001b[32minfo\u001b[39m","message":"\u001b[32mServer running on port 8000 with WebSocket support\u001b[39m","timestamp":"2026-03-14 15:51:07:517"}
{"level":"\u001b[32minfo\u001b[39m","message":"\u001b[32mMongoDB Connected: localhost\u001b[39m","timestamp":"2026-03-14 15:51:22:5122"}
{"level":"\u001b[32minfo\u001b[39m","message":"\u001b[32mServer running on port 8000 with WebSocket support\u001b[39m","timestamp":"2026-03-14 15:51:22:5122"}
{"level":"\u001b[32minfo\u001b[39m","message":"\u001b[32mMongoDB Connected: localhost\u001b[39m","timestamp":"2026-03-14 15:51:34:5134"}
{"level":"\u001b[32minfo\u001b[39m","message":"\u001b[32mServer running on port 8000 with WebSocket support\u001b[39m","timestamp":"2026-03-14 15:51:34:5134"}
{"level":"\u001b[32minfo\u001b[39m","message":"\u001b[32mMongoDB Connected: localhost\u001b[39m","timestamp":"2026-03-14 15:51:47:5147"}
{"level":"\u001b[32minfo\u001b[39m","message":"\u001b[32mServer running on port 8000 with WebSocket support\u001b[39m","timestamp":"2026-03-14 15:51:47:5147"}
{"level":"\u001b[32minfo\u001b[39m","message":"\u001b[32mMongoDB Connected: localhost\u001b[39m","timestamp":"2026-03-14 15:52:06:526"}
{"level":"\u001b[32minfo\u001b[39m","message":"\u001b[32mServer running on port 8000 with WebSocket support\u001b[39m","timestamp":"2026-03-14 15:52:06:526"}
{"level":"\u001b[32minfo\u001b[39m","message":"\u001b[32mMongoDB Connected: localhost\u001b[39m","timestamp":"2026-03-14 16:01:24:124"}
{"level":"\u001b[32minfo\u001b[39m","message":"\u001b[32mServer running on port 8000 with WebSocket support\u001b[39m","timestamp":"2026-03-14 16:01:24:124"}
{"level":"\u001b[32minfo\u001b[39m","message":"\u001b[32mMongoDB Connected: localhost\u001b[39m","timestamp":"2026-03-14 16:01:39:139"}
{"level":"\u001b[32minfo\u001b[39m","message":"\u001b[32mServer running on port 8000 with WebSocket support\u001b[39m","timestamp":"2026-03-14 16:01:39:139"}
{"level":"\u001b[32minfo\u001b[39m","message":"\u001b[32mMongoDB Connected: localhost\u001b[39m","timestamp":"2026-03-14 16:01:46:146"}
{"level":"\u001b[32minfo\u001b[39m","message":"\u001b[32mServer running on port 8000 with WebSocket support\u001b[39m","timestamp":"2026-03-14 16:01:46:146"}
{"level":"\u001b[32minfo\u001b[39m","message":"\u001b[32mMongoDB Connected: localhost\u001b[39m","timestamp":"2026-03-14 16:01:55:155"}
{"level":"\u001b[32minfo\u001b[39m","message":"\u001b[32mServer running on port 8000 with WebSocket support\u001b[39m","timestamp":"2026-03-14 16:01:55:155"}
{"level":"\u001b[32minfo\u001b[39m","message":"\u001b[32mMongoDB Connected: localhost\u001b[39m","timestamp":"2026-03-14 16:02:01:21"}
{"level":"\u001b[32minfo\u001b[39m","message":"\u001b[32mServer running on port 8000 with WebSocket support\u001b[39m","timestamp":"2026-03-14 16:02:01:21"}
{"level":"\u001b[32minfo\u001b[39m","message":"\u001b[32mMongoDB Connected: localhost\u001b[39m","timestamp":"2026-03-14 16:02:08:28"}
{"level":"\u001b[32minfo\u001b[39m","message":"\u001b[32mServer running on port 8000 with WebSocket support\u001b[39m","timestamp":"2026-03-14 16:02:08:28"}
{"level":"\u001b[32minfo\u001b[39m","message":"\u001b[32mMongoDB Connected: localhost\u001b[39m","timestamp":"2026-03-14 16:02:16:216"}
{"level":"\u001b[32minfo\u001b[39m","message":"\u001b[32mServer running on port 8000 with WebSocket support\u001b[39m","timestamp":"2026-03-14 16:02:16:216"}
{"level":"\u001b[32minfo\u001b[39m","message":"\u001b[32mMongoDB Connected: localhost\u001b[39m","timestamp":"2026-03-14 16:03:24:324"}
{"level":"\u001b[32minfo\u001b[39m","message":"\u001b[32mServer running on port 8000 with WebSocket support\u001b[39m","timestamp":"2026-03-14 16:03:24:324"}
{"level":"\u001b[32minfo\u001b[39m","message":"\u001b[32mMongoDB Connected: localhost\u001b[39m","timestamp":"2026-03-14 16:08:15:815"}
{"level":"\u001b[32minfo\u001b[39m","message":"\u001b[32mServer running on port 8000 with WebSocket support\u001b[39m","timestamp":"2026-03-14 16:08:15:815"}
{"level":"\u001b[32minfo\u001b[39m","message":"\u001b[32mMongoDB Connected: localhost\u001b[39m","timestamp":"2026-03-14 16:08:22:822"}
{"level":"\u001b[32minfo\u001b[39m","message":"\u001b[32mServer running on port 8000 with WebSocket support\u001b[39m","timestamp":"2026-03-14 16:08:22:822"}
{"level":"\u001b[32minfo\u001b[39m","message":"\u001b[32mMongoDB Connected: localhost\u001b[39m","timestamp":"2026-03-15 21:28:38:2838"}
{"level":"\u001b[32minfo\u001b[39m","message":"\u001b[32mServer running on port 8000 with WebSocket support\u001b[39m","timestamp":"2026-03-15 21:28:38:2838"}
{"level":"\u001b[32minfo\u001b[39m","message":"\u001b[32mMongoDB Connected: localhost\u001b[39m","timestamp":"2026-03-15 21:54:51:5451"}
{"level":"\u001b[32minfo\u001b[39m","message":"\u001b[32mServer running on port 8000 with WebSocket support\u001b[39m","timestamp":"2026-03-15 21:54:51:5451"}
{"level":"\u001b[32minfo\u001b[39m","message":"\u001b[32mMongoDB Connected: localhost\u001b[39m","timestamp":"2026-03-15 21:54:57:5457"}
{"level":"\u001b[32minfo\u001b[39m","message":"\u001b[32mServer running on port 8000 with WebSocket support\u001b[39m","timestamp":"2026-03-15 21:54:57:5457"}
{"level":"\u001b[32minfo\u001b[39m","message":"\u001b[32mMongoDB Connected: localhost\u001b[39m","timestamp":"2026-03-15 21:55:07:557"}
{"level":"\u001b[32minfo\u001b[39m","message":"\u001b[32mServer running on port 8000 with WebSocket support\u001b[39m","timestamp":"2026-03-15 21:55:07:557"}
{"level":"\u001b[32minfo\u001b[39m","message":"\u001b[32mMongoDB Connected: localhost\u001b[39m","timestamp":"2026-03-15 21:55:45:5545"}
{"level":"\u001b[32minfo\u001b[39m","message":"\u001b[32mServer running on port 8000 with WebSocket support\u001b[39m","timestamp":"2026-03-15 21:55:45:5545"}
{"level":"\u001b[32minfo\u001b[39m","message":"\u001b[32mMongoDB Connected: localhost\u001b[39m","timestamp":"2026-03-15 21:56:16:5616"}
{"level":"\u001b[32minfo\u001b[39m","message":"\u001b[32mServer running on port 8000 with WebSocket support\u001b[39m","timestamp":"2026-03-15 21:56:16:5616"}
{"level":"\u001b[32minfo\u001b[39m","message":"\u001b[32mMongoDB Connected: localhost\u001b[39m","timestamp":"2026-03-15 21:56:47:5647"}
{"level":"\u001b[32minfo\u001b[39m","message":"\u001b[32mServer running on port 8000 with WebSocket support\u001b[39m","timestamp":"2026-03-15 21:56:47:5647"}
{"level":"\u001b[32minfo\u001b[39m","message":"\u001b[32mMongoDB Connected: localhost\u001b[39m","timestamp":"2026-03-15 21:56:53:5653"}
{"level":"\u001b[32minfo\u001b[39m","message":"\u001b[32mServer running on port 8000 with WebSocket support\u001b[39m","timestamp":"2026-03-15 21:56:53:5653"}
{"level":"\u001b[32minfo\u001b[39m","message":"\u001b[32mMongoDB Connected: localhost\u001b[39m","timestamp":"2026-03-15 21:56:59:5659"}
{"level":"\u001b[32minfo\u001b[39m","message":"\u001b[32mServer running on port 8000 with WebSocket support\u001b[39m","timestamp":"2026-03-15 21:56:59:5659"}
{"level":"\u001b[32minfo\u001b[39m","message":"\u001b[32mMongoDB Connected: localhost\u001b[39m","timestamp":"2026-03-15 22:03:46:346"}
{"level":"\u001b[32minfo\u001b[39m","message":"\u001b[32mServer running on port 8000 with WebSocket support\u001b[39m","timestamp":"2026-03-15 22:03:46:346"}
{"level":"\u001b[32minfo\u001b[39m","message":"\u001b[32mMongoDB Connected: localhost\u001b[39m","timestamp":"2026-03-15 22:04:14:414"}
{"level":"\u001b[32minfo\u001b[39m","message":"\u001b[32mServer running on port 8000 with WebSocket support\u001b[39m","timestamp":"2026-03-15 22:04:14:414"}
{"level":"\u001b[32minfo\u001b[39m","message":"\u001b[32mMongoDB Connected: localhost\u001b[39m","timestamp":"2026-03-15 22:10:51:1051"}
{"level":"\u001b[32minfo\u001b[39m","message":"\u001b[32mServer running on port 8000 with WebSocket support\u001b[39m","timestamp":"2026-03-15 22:10:51:1051"}
{"level":"\u001b[32minfo\u001b[39m","message":"\u001b[32mMongoDB Connected: localhost\u001b[39m","timestamp":"2026-03-15 22:15:21:1521"}
{"level":"\u001b[32minfo\u001b[39m","message":"\u001b[32mServer running on port 8000 with WebSocket support\u001b[39m","timestamp":"2026-03-15 22:15:21:1521"}
{"level":"\u001b[32minfo\u001b[39m","message":"\u001b[32mMongoDB Connected: localhost\u001b[39m","timestamp":"2026-03-15 22:15:59:1559"}
{"level":"\u001b[32minfo\u001b[39m","message":"\u001b[32mServer running on port 8000 with WebSocket support\u001b[39m","timestamp":"2026-03-15 22:15:59:1559"}
{"level":"\u001b[32minfo\u001b[39m","message":"\u001b[32mMongoDB Connected: localhost\u001b[39m","timestamp":"2026-03-15 22:16:14:1614"}
{"level":"\u001b[32minfo\u001b[39m","message":"\u001b[32mServer running on port 8000 with WebSocket support\u001b[39m","timestamp":"2026-03-15 22:16:14:1614"}
{"level":"\u001b[32minfo\u001b[39m","message":"\u001b[32mMongoDB Connected: localhost\u001b[39m","timestamp":"2026-03-15 22:19:54:1954"}
{"level":"\u001b[32minfo\u001b[39m","message":"\u001b[32mServer running on port 8000 with WebSocket support\u001b[39m","timestamp":"2026-03-15 22:19:54:1954"}
{"level":"\u001b[32minfo\u001b[39m","message":"\u001b[32mMongoDB Connected: localhost\u001b[39m","timestamp":"2026-03-15 22:20:03:203"}
{"level":"\u001b[32minfo\u001b[39m","message":"\u001b[32mServer running on port 8000 with WebSocket support\u001b[39m","timestamp":"2026-03-15 22:20:03:203"}
{"level":"\u001b[32minfo\u001b[39m","message":"\u001b[32mMongoDB Connected: localhost\u001b[39m","timestamp":"2026-03-15 22:20:09:209"}
{"level":"\u001b[32minfo\u001b[39m","message":"\u001b[32mServer running on port 8000 with WebSocket support\u001b[39m","timestamp":"2026-03-15 22:20:09:209"}
{"level":"\u001b[32minfo\u001b[39m","message":"\u001b[32mMongoDB Connected: localhost\u001b[39m","timestamp":"2026-03-15 22:20:22:2022"}
{"level":"\u001b[32minfo\u001b[39m","message":"\u001b[32mServer running on port 8000 with WebSocket support\u001b[39m","timestamp":"2026-03-15 22:20:22:2022"}
{"level":"\u001b[32minfo\u001b[39m","message":"\u001b[32mMongoDB Connected: localhost\u001b[39m","timestamp":"2026-03-15 22:20:58:2058"}
{"level":"\u001b[32minfo\u001b[39m","message":"\u001b[32mServer running on port 8000 with WebSocket support\u001b[39m","timestamp":"2026-03-15 22:20:58:2058"}
{"level":"\u001b[32minfo\u001b[39m","message":"\u001b[32mMongoDB Connected: localhost\u001b[39m","timestamp":"2026-03-15 22:29:25:2925"}
{"level":"\u001b[32minfo\u001b[39m","message":"\u001b[32mServer running on port 8000 with WebSocket support\u001b[39m","timestamp":"2026-03-15 22:29:25:2925"}
{"level":"\u001b[32minfo\u001b[39m","message":"\u001b[32mMongoDB Connected: localhost\u001b[39m","timestamp":"2026-03-15 22:52:21:5221"}
{"level":"\u001b[32minfo\u001b[39m","message":"\u001b[32mServer running on port 8000 with WebSocket support\u001b[39m","timestamp":"2026-03-15 22:52:21:5221"}
{"level":"\u001b[32minfo\u001b[39m","message":"\u001b[32mMongoDB Connected: localhost\u001b[39m","timestamp":"2026-03-15 22:53:17:5317"}
{"level":"\u001b[32minfo\u001b[39m","message":"\u001b[32mServer running on port 8000 with WebSocket support\u001b[39m","timestamp":"2026-03-15 22:53:17:5317"}
{"level":"\u001b[32minfo\u001b[39m","message":"\u001b[32mMongoDB Connected: localhost\u001b[39m","timestamp":"2026-03-15 23:03:13:313"}
{"level":"\u001b[32minfo\u001b[39m","message":"\u001b[32mServer running on port 8000 with WebSocket support\u001b[39m","timestamp":"2026-03-15 23:03:13:313"}
{"level":"\u001b[32minfo\u001b[39m","message":"\u001b[32mMongoDB Connected: localhost\u001b[39m","timestamp":"2026-03-15 23:20:53:2053"}
{"level":"\u001b[32minfo\u001b[39m","message":"\u001b[32mServer running on port 8000 with WebSocket support\u001b[39m","timestamp":"2026-03-15 23:20:53:2053"}
{"level":"\u001b[32minfo\u001b[39m","message":"\u001b[32mMongoDB Connected: localhost\u001b[39m","timestamp":"2026-03-15 23:22:09:229"}
{"level":"\u001b[32minfo\u001b[39m","message":"\u001b[32mServer running on port 8000 with WebSocket support\u001b[39m","timestamp":"2026-03-15 23:22:09:229"}
{"level":"\u001b[32minfo\u001b[39m","message":"\u001b[32mMongoDB Connected: localhost\u001b[39m","timestamp":"2026-03-15 23:22:23:2223"}
{"level":"\u001b[32minfo\u001b[39m","message":"\u001b[32mServer running on port 8000 with WebSocket support\u001b[39m","timestamp":"2026-03-15 23:22:23:2223"}
{"level":"\u001b[32minfo\u001b[39m","message":"\u001b[32mMongoDB Connected: localhost\u001b[39m","timestamp":"2026-03-15 23:47:27:4727"}
{"level":"\u001b[32minfo\u001b[39m","message":"\u001b[32mServer running on port 8000 with WebSocket support\u001b[39m","timestamp":"2026-03-15 23:47:27:4727"}
{"level":"\u001b[32minfo\u001b[39m","message":"\u001b[32mMongoDB Connected: localhost\u001b[39m","timestamp":"2026-03-16 00:05:50:550"}
{"level":"\u001b[32minfo\u001b[39m","message":"\u001b[32mServer running on port 8000 with WebSocket support\u001b[39m","timestamp":"2026-03-16 00:05:50:550"}
{"level":"\u001b[32minfo\u001b[39m","message":"\u001b[32mMongoDB Connected: localhost\u001b[39m","timestamp":"2026-03-16 00:09:04:94"}
{"level":"\u001b[32minfo\u001b[39m","message":"\u001b[32mServer running on port 8000 with WebSocket support\u001b[39m","timestamp":"2026-03-16 00:09:04:94"}
{"level":"\u001b[32minfo\u001b[39m","message":"\u001b[32mMongoDB Connected: localhost\u001b[39m","timestamp":"2026-03-16 00:10:17:1017"}
{"level":"\u001b[32minfo\u001b[39m","message":"\u001b[32mServer running on port 8000 with WebSocket support\u001b[39m","timestamp":"2026-03-16 00:10:17:1017"}
{"level":"\u001b[32minfo\u001b[39m","message":"\u001b[32mMongoDB Connected: localhost\u001b[39m","timestamp":"2026-03-16 00:10:24:1024"}
{"level":"\u001b[32minfo\u001b[39m","message":"\u001b[32mServer running on port 8000 with WebSocket support\u001b[39m","timestamp":"2026-03-16 00:10:24:1024"}
{"level":"\u001b[32minfo\u001b[39m","message":"\u001b[32mMongoDB Connected: localhost\u001b[39m","timestamp":"2026-03-16 00:12:05:125"}
{"level":"\u001b[32minfo\u001b[39m","message":"\u001b[32mServer running on port 8000 with WebSocket support\u001b[39m","timestamp":"2026-03-16 00:12:05:125"}
{"level":"\u001b[32minfo\u001b[39m","message":"\u001b[32mMongoDB Connected: localhost\u001b[39m","timestamp":"2026-03-16 00:12:50:1250"}
{"level":"\u001b[32minfo\u001b[39m","message":"\u001b[32mServer running on port 8000 with WebSocket support\u001b[39m","timestamp":"2026-03-16 00:12:50:1250"}
{"level":"\u001b[32minfo\u001b[39m","message":"\u001b[32mMongoDB Connected: localhost\u001b[39m","timestamp":"2026-03-16 00:13:35:1335"}
{"level":"\u001b[32minfo\u001b[39m","message":"\u001b[32mServer running on port 8000 with WebSocket support\u001b[39m","timestamp":"2026-03-16 00:13:35:1335"}
{"level":"\u001b[32minfo\u001b[39m","message":"\u001b[32mMongoDB Connected: localhost\u001b[39m","timestamp":"2026-03-16 00:16:19:1619"}
{"level":"\u001b[32minfo\u001b[39m","message":"\u001b[32mServer running on port 8000 with WebSocket support\u001b[39m","timestamp":"2026-03-16 00:16:19:1619"}
{"level":"\u001b[32minfo\u001b[39m","message":"\u001b[32mMongoDB Connected: localhost\u001b[39m","timestamp":"2026-03-16 00:16:25:1625"}
{"level":"\u001b[32minfo\u001b[39m","message":"\u001b[32mServer running on port 8000 with WebSocket support\u001b[39m","timestamp":"2026-03-16 00:16:25:1625"}
{"level":"\u001b[32minfo\u001b[39m","message":"\u001b[32mMongoDB Connected: localhost\u001b[39m","timestamp":"2026-03-16 00:16:41:1641"}
{"level":"\u001b[32minfo\u001b[39m","message":"\u001b[32mServer running on port 8000 with WebSocket support\u001b[39m","timestamp":"2026-03-16 00:16:41:1641"}
{"level":"\u001b[32minfo\u001b[39m","message":"\u001b[32mMongoDB Connected: localhost\u001b[39m","timestamp":"2026-03-16 00:18:18:1818"}
{"level":"\u001b[32minfo\u001b[39m","message":"\u001b[32mServer running on port 8000 with WebSocket support\u001b[39m","timestamp":"2026-03-16 00:18:18:1818"}
{"level":"\u001b[32minfo\u001b[39m","message":"\u001b[32mMongoDB Connected: localhost\u001b[39m","timestamp":"2026-03-16 00:18:24:1824"}
{"level":"\u001b[32minfo\u001b[39m","message":"\u001b[32mServer running on port 8000 with WebSocket support\u001b[39m","timestamp":"2026-03-16 00:18:24:1824"}
{"level":"\u001b[32minfo\u001b[39m","message":"\u001b[32mMongoDB Connected: localhost\u001b[39m","timestamp":"2026-03-16 10:47:55:4755"}
{"level":"\u001b[32minfo\u001b[39m","message":"\u001b[32mServer running on port 8000 with WebSocket support\u001b[39m","timestamp":"2026-03-16 10:47:55:4755"}
{"level":"\u001b[32minfo\u001b[39m","message":"\u001b[32mMongoDB Connected: localhost\u001b[39m","timestamp":"2026-04-03 18:32:43:3243"}
{"level":"\u001b[32minfo\u001b[39m","message":"\u001b[32mServer running on port 8000 with WebSocket support\u001b[39m","timestamp":"2026-04-03 18:32:43:3243"}
{"level":"\u001b[32minfo\u001b[39m","message":"\u001b[32mMongoDB Connected: localhost\u001b[39m","timestamp":"2026-04-03 18:35:32:3532"}
{"level":"\u001b[32minfo\u001b[39m","message":"\u001b[32mServer running on port 8000 with WebSocket support\u001b[39m","timestamp":"2026-04-03 18:35:32:3532"}
{"level":"\u001b[32minfo\u001b[39m","message":"\u001b[32mMongoDB Connected: localhost\u001b[39m","timestamp":"2026-04-03 19:25:39:2539"}
{"level":"\u001b[32minfo\u001b[39m","message":"\u001b[32mServer running on port 8000 with WebSocket support\u001b[39m","timestamp":"2026-04-03 19:25:39:2539"}
